<?xml version="1.0" encoding="UTF-8"?>
<testng-results ignored="0" total="2" passed="2" failed="0" skipped="0">
  <reporter-output>
  </reporter-output>
  <suite started-at="2023-11-26T21:12:34 IST" name="Default suite" finished-at="2023-11-26T21:12:43 IST" duration-ms="8852">
    <groups>
      <group name="cucumber">
        <method signature="AbstractTestNGCucumberTests.runScenario(io.cucumber.testng.PickleWrapper,io.cucumber.testng.FeatureWrapper)[pri:0, instance:runner.PlaylistRunner@272113c4]" name="runScenario" class="io.cucumber.testng.AbstractTestNGCucumberTests"/>
      </group> <!-- cucumber -->
    </groups>
    <test started-at="2023-11-26T21:12:34 IST" name="Default test" finished-at="2023-11-26T21:12:43 IST" duration-ms="8852">
      <class name="runner.PlaylistRunner">
        <test-method is-config="true" signature="setUpClass(org.testng.ITestContext)[pri:0, instance:runner.PlaylistRunner@272113c4]" started-at="2023-11-26T21:12:34 IST" name="setUpClass" finished-at="2023-11-26T21:12:35 IST" duration-ms="890" status="PASS">
          <params>
            <param index="0">
              <value>
                <![CDATA[org.testng.TestRunner@fceab5d]]>
              </value>
            </param>
          </params>
          <reporter-output>
          </reporter-output>
        </test-method> <!-- setUpClass -->
        <test-method signature="runScenario(io.cucumber.testng.PickleWrapper,io.cucumber.testng.FeatureWrapper)[pri:0, instance:runner.PlaylistRunner@272113c4]" started-at="2023-11-26T21:12:35 IST" name="runScenario" description="Runs Cucumber Scenarios" data-provider="scenarios" finished-at="2023-11-26T21:12:42 IST" duration-ms="7166" status="PASS">
          <params>
            <param index="0">
              <value>
                <![CDATA["Verify if create playlist is working"]]>
              </value>
            </param>
            <param index="1">
              <value>
                <![CDATA["Validating Playlist API"]]>
              </value>
            </param>
          </params>
          <reporter-output>
          </reporter-output>
        </test-method> <!-- runScenario -->
        <test-method signature="runScenario(io.cucumber.testng.PickleWrapper,io.cucumber.testng.FeatureWrapper)[pri:0, instance:runner.PlaylistRunner@272113c4]" started-at="2023-11-26T21:12:42 IST" name="runScenario" description="Runs Cucumber Scenarios" data-provider="scenarios" finished-at="2023-11-26T21:12:43 IST" duration-ms="687" status="PASS">
          <params>
            <param index="0">
              <value>
                <![CDATA["Verify if fetch playlist functionality is working"]]>
              </value>
            </param>
            <param index="1">
              <value>
                <![CDATA["Validating Playlist API"]]>
              </value>
            </param>
          </params>
          <reporter-output>
          </reporter-output>
        </test-method> <!-- runScenario -->
        <test-method is-config="true" signature="tearDownClass()[pri:0, instance:runner.PlaylistRunner@272113c4]" started-at="2023-11-26T21:12:43 IST" name="tearDownClass" finished-at="2023-11-26T21:12:43 IST" duration-ms="7" status="PASS">
          <reporter-output>
          </reporter-output>
        </test-method> <!-- tearDownClass -->
      </class> <!-- runner.PlaylistRunner -->
    </test> <!-- Default test -->
  </suite> <!-- Default suite -->
</testng-results>
